C:\Users\ISA06012175\OMLRosettaWorkspaces\tutorial\tutorial2\build\owl\purl.org\dc\elements\1.1.owl
C:\Users\ISA06012175\OMLRosettaWorkspaces\tutorial\tutorial2\build\owl\example.com\tutorial2\description\interfaces.owl
C:\Users\ISA06012175\OMLRosettaWorkspaces\tutorial\tutorial2\build\owl\example.com\tutorial2\description\bundle\properties.ttl
C:\Users\ISA06012175\OMLRosettaWorkspaces\tutorial\tutorial2\build\owl\iso.org\iso-80000-3.3.owl
C:\Users\ISA06012175\OMLRosettaWorkspaces\tutorial\tutorial2\build\owl\iso.org\iso-80000-4.9.owl
C:\Users\ISA06012175\OMLRosettaWorkspaces\tutorial\tutorial2\build\owl\iso.org\iso-80000-4.15.owl
C:\Users\ISA06012175\OMLRosettaWorkspaces\tutorial\tutorial2\build\owl\iso.org\iso-80000-4.1.owl
C:\Users\ISA06012175\OMLRosettaWorkspaces\tutorial\tutorial2\build\owl\iso.org\iso-80000-3.15.owl
C:\Users\ISA06012175\OMLRosettaWorkspaces\tutorial\tutorial2\build\owl\example.com\tutorial2\description\bundle.owl
C:\Users\ISA06012175\OMLRosettaWorkspaces\tutorial\tutorial2\build\owl\example.com\tutorial2\vocabulary\bundle.owl
C:\Users\ISA06012175\OMLRosettaWorkspaces\tutorial\tutorial2\build\owl\bipm.org\jcgm\vim4-terminological-analysis.owl
C:\Users\ISA06012175\OMLRosettaWorkspaces\tutorial\tutorial2\build\owl\iso.org\iso-80000-3.4.owl
C:\Users\ISA06012175\OMLRosettaWorkspaces\tutorial\tutorial2\build\owl\bipm.org\jcgm\vim4.owl
C:\Users\ISA06012175\OMLRosettaWorkspaces\tutorial\tutorial2\build\owl\iso.org\iec-80000-6.46.owl
C:\Users\ISA06012175\OMLRosettaWorkspaces\tutorial\tutorial2\build\owl\iso.org\iso-80000-4.14.owl
C:\Users\ISA06012175\OMLRosettaWorkspaces\tutorial\tutorial2\build\owl\iso.org\iso-80000-4.2.owl
C:\Users\ISA06012175\OMLRosettaWorkspaces\tutorial\tutorial2\build\owl\example.com\tutorial2\vocabulary\mechanical.owl
C:\Users\ISA06012175\OMLRosettaWorkspaces\tutorial\tutorial2\build\owl\bipm.org\jcgm\jcgm-bundle.owl
C:\Users\ISA06012175\OMLRosettaWorkspaces\tutorial\tutorial2\build\owl\iso.org\iso-1087-1.owl
C:\Users\ISA06012175\OMLRosettaWorkspaces\tutorial\tutorial2\build\owl\iso.org\iso-80000-3.5.owl
C:\Users\ISA06012175\OMLRosettaWorkspaces\tutorial\tutorial2\build\owl\iso.org\iso-80000-4.13.owl
C:\Users\ISA06012175\OMLRosettaWorkspaces\tutorial\tutorial2\build\owl\example.com\tutorial2\description\junctions.owl
C:\Users\ISA06012175\OMLRosettaWorkspaces\tutorial\tutorial2\build\owl\iso.org\iso-80000-3.6.owl
C:\Users\ISA06012175\OMLRosettaWorkspaces\tutorial\tutorial2\build\owl\iso.org\iso-80000-4.26.owl
C:\Users\ISA06012175\OMLRosettaWorkspaces\tutorial\tutorial2\build\owl\iso.org\iso-80000-4.3.owl
C:\Users\ISA06012175\OMLRosettaWorkspaces\tutorial\tutorial2\build\owl\iso.org\iec-80000-6.45.owl
C:\Users\ISA06012175\OMLRosettaWorkspaces\tutorial\tutorial2\build\owl\example.com\tutorial2\description\requirements.owl
C:\Users\ISA06012175\OMLRosettaWorkspaces\tutorial\tutorial2\build\owl\iso.org\iso-80000-5.1.owl
C:\Users\ISA06012175\OMLRosettaWorkspaces\tutorial\tutorial2\build\owl\iso.org\iso-80000-bundle.owl
C:\Users\ISA06012175\OMLRosettaWorkspaces\tutorial\tutorial2\build\owl\example.com\tutorial2\description\masses.owl
C:\Users\ISA06012175\OMLRosettaWorkspaces\tutorial\tutorial2\build\owl\iso.org\iso-80000-1.owl
C:\Users\ISA06012175\OMLRosettaWorkspaces\tutorial\tutorial2\build\owl\example.com\tutorial2\description\bundle\classes.ttl
C:\Users\ISA06012175\OMLRosettaWorkspaces\tutorial\tutorial2\build\owl\iso.org\iec-80000-6.13.owl
C:\Users\ISA06012175\OMLRosettaWorkspaces\tutorial\tutorial2\build\owl\iso.org\iso-80000-3.11.owl
C:\Users\ISA06012175\OMLRosettaWorkspaces\tutorial\tutorial2\build\owl\iso.org\iso-80000-4.11.owl
C:\Users\ISA06012175\OMLRosettaWorkspaces\tutorial\tutorial2\build\owl\example.com\tutorial2\vocabulary\base.owl
C:\Users\ISA06012175\OMLRosettaWorkspaces\tutorial\tutorial2\build\owl\iso.org\iso-80000-3.7.owl
C:\Users\ISA06012175\OMLRosettaWorkspaces\tutorial\tutorial2\build\owl\example.com\tutorial2\description\bundle\individuals.ttl
C:\Users\ISA06012175\OMLRosettaWorkspaces\tutorial\tutorial2\build\owl\iso.org\iso-80000-3.8.owl
C:\Users\ISA06012175\OMLRosettaWorkspaces\tutorial\tutorial2\build\owl\iso.org\iec-80000-6.1.owl
C:\Users\ISA06012175\OMLRosettaWorkspaces\tutorial\tutorial2\build\owl\iso.org\iec-80000-6.21.owl
C:\Users\ISA06012175\OMLRosettaWorkspaces\tutorial\tutorial2\build\owl\example.com\tutorial2\description\missions.owl
C:\Users\ISA06012175\OMLRosettaWorkspaces\tutorial\tutorial2\build\owl\iso.org\iso-80000-3.10.owl
C:\Users\ISA06012175\OMLRosettaWorkspaces\tutorial\tutorial2\build\owl\iso.org\iso-80000-3.14.owl
C:\Users\ISA06012175\OMLRosettaWorkspaces\tutorial\tutorial2\build\owl\example.com\tutorial2\vocabulary\mission.owl
C:\Users\ISA06012175\OMLRosettaWorkspaces\tutorial\tutorial2\build\owl\iso.org\iec-80000-6.11.owl
C:\Users\ISA06012175\OMLRosettaWorkspaces\tutorial\tutorial2\build\owl\example.com\tutorial2\description\components.owl
C:\Users\ISA06012175\OMLRosettaWorkspaces\tutorial\tutorial2\build\owl\iso.org\iec-80000-6.2.owl
C:\Users\ISA06012175\OMLRosettaWorkspaces\tutorial\tutorial2\build\owl\iso.org\iso-80000-3.9.owl
C:\Users\ISA06012175\OMLRosettaWorkspaces\tutorial\tutorial2\build\owl\iso.org\iso-80000-3.1.owl
C:\Users\ISA06012175\OMLRosettaWorkspaces\tutorial\tutorial2\build\owl\iso.org\iec-80000-6.10.owl
C:\Users\ISA06012175\OMLRosettaWorkspaces\tutorial\tutorial2\build\owl\iso.org\iso-80000-4.8.owl
C:\Users\ISA06012175\OMLRosettaWorkspaces\tutorial\tutorial2\build\owl\bipm.org\jcgm\vim4-annotations.owl
C:\Users\ISA06012175\OMLRosettaWorkspaces\tutorial\tutorial2\build\owl\example.com\tutorial2\description\objectives.owl
C:\Users\ISA06012175\OMLRosettaWorkspaces\tutorial\tutorial2\build\owl\iso.org\iso-80000-3.2.owl
C:\Users\ISA06012175\OMLRosettaWorkspaces\tutorial\tutorial2\build\owl\bipm.org\jcgm\vim4.1-systems-diagram.owl
C:\Users\ISA06012175\OMLRosettaWorkspaces\tutorial\tutorial2\build\owl\iso.org\iso-80000-3.12.owl
